2025-08-13 22:52:32,092 - utils - INFO - Loaded 2139 NSE companies
2025-08-13 22:52:32,125 - analyzer - ERROR - Error in sentiment analysis: 
**********************************************************************
  Resource [93mpunkt_tab[0m not found.
  Please use the NLTK Downloader to obtain the resource:

  [31m>>> import nltk
  >>> nltk.download('punkt_tab')
  [0m
  For more information see: https://www.nltk.org/data.html

  Attempted to load [93mtokenizers/punkt_tab/english/[0m

  Searched in:
    - '/home/shams/nltk_data'
    - '/home/shams/Desktop/ShareMIP/venv/nltk_data'
    - '/home/shams/Desktop/ShareMIP/venv/share/nltk_data'
    - '/home/shams/Desktop/ShareMIP/venv/lib/nltk_data'
    - '/usr/share/nltk_data'
    - '/usr/local/share/nltk_data'
    - '/usr/lib/nltk_data'
    - '/usr/local/lib/nltk_data'
**********************************************************************

2025-08-13 22:52:32,697 - analyzer - ERROR - Error in sentiment analysis: 
**********************************************************************
  Resource [93mpunkt_tab[0m not found.
  Please use the NLTK Downloader to obtain the resource:

  [31m>>> import nltk
  >>> nltk.download('punkt_tab')
  [0m
  For more information see: https://www.nltk.org/data.html

  Attempted to load [93mtokenizers/punkt_tab/english/[0m

  Searched in:
    - '/home/shams/nltk_data'
    - '/home/shams/Desktop/ShareMIP/venv/nltk_data'
    - '/home/shams/Desktop/ShareMIP/venv/share/nltk_data'
    - '/home/shams/Desktop/ShareMIP/venv/lib/nltk_data'
    - '/usr/share/nltk_data'
    - '/usr/local/share/nltk_data'
    - '/usr/lib/nltk_data'
    - '/usr/local/lib/nltk_data'
**********************************************************************

2025-08-13 22:52:33,274 - analyzer - ERROR - Error in sentiment analysis: 
**********************************************************************
  Resource [93mpunkt_tab[0m not found.
  Please use the NLTK Downloader to obtain the resource:

  [31m>>> import nltk
  >>> nltk.download('punkt_tab')
  [0m
  For more information see: https://www.nltk.org/data.html

  Attempted to load [93mtokenizers/punkt_tab/english/[0m

  Searched in:
    - '/home/shams/nltk_data'
    - '/home/shams/Desktop/ShareMIP/venv/nltk_data'
    - '/home/shams/Desktop/ShareMIP/venv/share/nltk_data'
    - '/home/shams/Desktop/ShareMIP/venv/lib/nltk_data'
    - '/usr/share/nltk_data'
    - '/usr/local/share/nltk_data'
    - '/usr/lib/nltk_data'
    - '/usr/local/lib/nltk_data'
**********************************************************************

2025-08-13 22:52:33,847 - analyzer - ERROR - Error in sentiment analysis: 
**********************************************************************
  Resource [93mpunkt_tab[0m not found.
  Please use the NLTK Downloader to obtain the resource:

  [31m>>> import nltk
  >>> nltk.download('punkt_tab')
  [0m
  For more information see: https://www.nltk.org/data.html

  Attempted to load [93mtokenizers/punkt_tab/english/[0m

  Searched in:
    - '/home/shams/nltk_data'
    - '/home/shams/Desktop/ShareMIP/venv/nltk_data'
    - '/home/shams/Desktop/ShareMIP/venv/share/nltk_data'
    - '/home/shams/Desktop/ShareMIP/venv/lib/nltk_data'
    - '/usr/share/nltk_data'
    - '/usr/local/share/nltk_data'
    - '/usr/lib/nltk_data'
    - '/usr/local/lib/nltk_data'
**********************************************************************

2025-08-13 22:57:27,718 - __main__ - INFO - Initializing NSE News Analysis System...
2025-08-13 22:57:27,725 - utils - INFO - Loaded 2139 NSE companies
2025-08-13 22:57:27,725 - __main__ - INFO - Loaded 2139 NSE companies
2025-08-13 22:57:27,857 - __main__ - INFO - System initialization completed successfully
2025-08-13 22:57:27,857 - __main__ - INFO - Running full news analysis...
2025-08-13 22:57:27,857 - __main__ - INFO - Starting full news analysis pipeline...
2025-08-13 22:57:27,857 - __main__ - INFO - Step 1: Scraping general business news...
2025-08-13 22:57:27,857 - scraper - INFO - Fetching general news from economic_times
2025-08-13 22:57:27,857 - scraper - INFO - Parsing RSS feed: https://economictimes.indiatimes.com/markets/stocks/rssfeeds/2146842.cms
2025-08-13 22:57:28,038 - scraper - INFO - Parsing RSS feed: https://economictimes.indiatimes.com/news/company/corporate-trends/rssfeeds/13358266.cms
2025-08-13 22:57:28,295 - scraper - INFO - Fetched 12 articles from economic_times
2025-08-13 22:57:28,295 - scraper - INFO - Fetching general news from business_standard
2025-08-13 22:57:28,295 - scraper - INFO - Parsing RSS feed: https://www.business-standard.com/rss/markets-106.rss
2025-08-13 22:57:28,712 - scraper - INFO - Parsing RSS feed: https://www.business-standard.com/rss/companies-101.rss
2025-08-13 22:57:28,794 - scraper - INFO - Fetched 0 articles from business_standard
2025-08-13 22:57:28,794 - scraper - INFO - Fetching general news from mint
2025-08-13 22:57:28,794 - scraper - INFO - Parsing RSS feed: https://www.livemint.com/rss/markets
2025-08-13 22:57:28,974 - scraper - INFO - Parsing RSS feed: https://www.livemint.com/rss/companies
2025-08-13 22:57:29,226 - scraper - INFO - Fetched 24 articles from mint
2025-08-13 22:57:29,226 - scraper - INFO - Fetching general news from moneycontrol
2025-08-13 22:57:29,226 - scraper - INFO - Parsing RSS feed: https://www.moneycontrol.com/rss/business.xml
2025-08-13 22:57:29,521 - scraper - INFO - Parsing RSS feed: https://www.moneycontrol.com/rss/results.xml
2025-08-13 22:57:29,768 - scraper - INFO - Fetched 24 articles from moneycontrol
2025-08-13 22:57:29,768 - __main__ - INFO - Scraped 60 general articles
2025-08-13 22:57:29,768 - __main__ - INFO - Step 2: Filtering recent articles...
2025-08-13 22:57:29,768 - __main__ - INFO - Found 36 recent articles
2025-08-13 22:57:29,768 - __main__ - INFO - Step 3: Fetching company-specific news...
2025-08-13 22:57:29,768 - __main__ - ERROR - Error in full analysis pipeline: 'company_name'
Traceback (most recent call last):
  File "/home/shams/Desktop/ShareMIP/venv/lib/python3.12/site-packages/pandas/core/indexes/base.py", line 3812, in get_loc
    return self._engine.get_loc(casted_key)
           ^^^^^^^^^^^^^^^^^^^^^^^^^^^^^^^^
  File "pandas/_libs/index.pyx", line 167, in pandas._libs.index.IndexEngine.get_loc
  File "pandas/_libs/index.pyx", line 196, in pandas._libs.index.IndexEngine.get_loc
  File "pandas/_libs/hashtable_class_helper.pxi", line 7088, in pandas._libs.hashtable.PyObjectHashTable.get_item
  File "pandas/_libs/hashtable_class_helper.pxi", line 7096, in pandas._libs.hashtable.PyObjectHashTable.get_item
KeyError: 'company_name'

The above exception was the direct cause of the following exception:

Traceback (most recent call last):
  File "/home/shams/Desktop/ShareMIP/main.py", line 79, in run_full_analysis
    top_company_names = self.get_top_companies(top_companies)
                        ^^^^^^^^^^^^^^^^^^^^^^^^^^^^^^^^^^^^^
  File "/home/shams/Desktop/ShareMIP/main.py", line 159, in get_top_companies
    top_companies = self.companies_df.head(limit)['company_name'].tolist()
                    ~~~~~~~~~~~~~~~~~~~~~~~~~~~~~^^^^^^^^^^^^^^^^
  File "/home/shams/Desktop/ShareMIP/venv/lib/python3.12/site-packages/pandas/core/frame.py", line 4107, in __getitem__
    indexer = self.columns.get_loc(key)
              ^^^^^^^^^^^^^^^^^^^^^^^^^
  File "/home/shams/Desktop/ShareMIP/venv/lib/python3.12/site-packages/pandas/core/indexes/base.py", line 3819, in get_loc
    raise KeyError(key) from err
KeyError: 'company_name'
2025-08-13 22:57:29,771 - __main__ - INFO - Results saved to /home/shams/Desktop/ShareMIP/output/nse_news_analysis_20250813_225729.json
2025-08-13 22:58:46,106 - __main__ - INFO - Initializing NSE News Analysis System...
2025-08-13 22:58:46,111 - utils - ERROR - Error loading NSE companies: Length mismatch: Expected axis has 1 elements, new values have 2 elements
2025-08-13 22:58:46,112 - __main__ - ERROR - Failed to load NSE companies data!
2025-08-13 22:59:29,012 - __main__ - INFO - Initializing NSE News Analysis System...
2025-08-13 22:59:29,014 - utils - ERROR - Error loading NSE companies: 'company_name'
2025-08-13 22:59:29,015 - __main__ - ERROR - Failed to load NSE companies data!
2025-08-13 23:00:09,617 - utils - ERROR - Error loading NSE companies: 'symbol'
2025-08-13 23:01:29,302 - utils - INFO - Loaded 2139 NSE companies
2025-08-13 23:01:38,544 - __main__ - INFO - Initializing NSE News Analysis System...
2025-08-13 23:01:38,564 - utils - INFO - Loaded 2139 NSE companies
2025-08-13 23:01:38,564 - __main__ - INFO - Loaded 2139 NSE companies
2025-08-13 23:01:38,695 - __main__ - INFO - System initialization completed successfully
2025-08-13 23:01:38,695 - __main__ - INFO - Running full news analysis...
2025-08-13 23:01:38,695 - __main__ - INFO - Starting full news analysis pipeline...
2025-08-13 23:01:38,695 - __main__ - INFO - Step 1: Scraping general business news...
2025-08-13 23:01:38,695 - scraper - INFO - Fetching general news from economic_times
2025-08-13 23:01:38,695 - scraper - INFO - Parsing RSS feed: https://economictimes.indiatimes.com/markets/stocks/rssfeeds/2146842.cms
2025-08-13 23:01:38,905 - scraper - INFO - Parsing RSS feed: https://economictimes.indiatimes.com/news/company/corporate-trends/rssfeeds/13358266.cms
2025-08-13 23:01:39,048 - scraper - INFO - Fetched 12 articles from economic_times
2025-08-13 23:01:39,048 - scraper - INFO - Fetching general news from business_standard
2025-08-13 23:01:39,048 - scraper - INFO - Parsing RSS feed: https://www.business-standard.com/rss/markets-106.rss
2025-08-13 23:01:39,160 - scraper - INFO - Parsing RSS feed: https://www.business-standard.com/rss/companies-101.rss
2025-08-13 23:01:39,242 - scraper - INFO - Fetched 0 articles from business_standard
2025-08-13 23:01:39,242 - scraper - INFO - Fetching general news from mint
2025-08-13 23:01:39,242 - scraper - INFO - Parsing RSS feed: https://www.livemint.com/rss/markets
2025-08-13 23:01:39,392 - scraper - INFO - Parsing RSS feed: https://www.livemint.com/rss/companies
2025-08-13 23:01:39,520 - scraper - INFO - Fetched 24 articles from mint
2025-08-13 23:01:39,520 - scraper - INFO - Fetching general news from moneycontrol
2025-08-13 23:01:39,520 - scraper - INFO - Parsing RSS feed: https://www.moneycontrol.com/rss/business.xml
2025-08-13 23:01:39,792 - scraper - INFO - Parsing RSS feed: https://www.moneycontrol.com/rss/results.xml
2025-08-13 23:01:40,099 - scraper - INFO - Fetched 0 articles from moneycontrol
2025-08-13 23:01:40,099 - __main__ - INFO - Scraped 36 general articles
2025-08-13 23:01:40,099 - __main__ - INFO - Step 2: Filtering recent articles...
2025-08-13 23:01:40,099 - __main__ - INFO - Found 36 recent articles
2025-08-13 23:01:40,099 - __main__ - INFO - Step 3: Fetching company-specific news...
2025-08-13 23:01:40,099 - scraper - INFO - Searching news for: 20 Microns Limited
2025-08-13 23:01:40,100 - scraper - INFO - Searching for: 20 Microns Limited site:economictimes.indiatimes.com
2025-08-13 23:01:49,026 - scraper - INFO - Searching for: 20 Microns Limited site:www.business-standard.com
2025-08-13 23:01:56,979 - scraper - INFO - Searching for: 20 Microns Limited site:www.livemint.com
2025-08-13 23:02:01,437 - scraper - INFO - Searching for: 20 Microns Limited site:www.moneycontrol.com
2025-08-13 23:02:08,980 - scraper - WARNING - Failed to extract content from https://www.moneycontrol.com/india/stockpricequote/miningminerals/20microns/2M: Article `download()` failed with HTTPSConnectionPool(host='www.moneycontrol.com', port=443): Read timed out. (read timeout=7) on URL https://www.moneycontrol.com/india/stockpricequote/miningminerals/20microns/2M
2025-08-13 23:02:16,030 - scraper - WARNING - Failed to extract content from https://www.moneycontrol.com/financials/20microns/profit-lossVI/2m: Article `download()` failed with HTTPSConnectionPool(host='www.moneycontrol.com', port=443): Read timed out. (read timeout=7) on URL https://www.moneycontrol.com/financials/20microns/profit-lossVI/2m
2025-08-13 23:02:26,461 - scraper - INFO - Found 5 unique articles for 20 Microns Limited
2025-08-13 23:02:26,462 - scraper - INFO - Searching news for: 21st Century Management Services Limited
2025-08-13 23:02:26,462 - scraper - INFO - Searching for: 21st Century Management Services Limited site:economictimes.indiatimes.com
2025-08-13 23:02:34,884 - scraper - INFO - Searching for: 21st Century Management Services Limited site:www.business-standard.com
2025-08-13 23:02:44,379 - scraper - INFO - Searching for: 21st Century Management Services Limited site:www.livemint.com
2025-08-13 23:02:48,726 - scraper - INFO - Searching for: 21st Century Management Services Limited site:www.moneycontrol.com
2025-08-13 23:02:56,305 - scraper - WARNING - Failed to extract content from https://www.moneycontrol.com/india/stockpricequote/finance-general/21stcenturymanagement/21C: Article `download()` failed with HTTPSConnectionPool(host='www.moneycontrol.com', port=443): Read timed out. (read timeout=7) on URL https://www.moneycontrol.com/india/stockpricequote/finance-general/21stcenturymanagement/21C
2025-08-13 23:03:13,629 - scraper - INFO - Found 5 unique articles for 21st Century Management Services Limited
2025-08-13 23:03:13,629 - scraper - INFO - Searching news for: 360 ONE WAM LIMITED
2025-08-13 23:03:13,629 - scraper - INFO - Searching for: 360 ONE WAM LIMITED site:economictimes.indiatimes.com
2025-08-13 23:03:19,885 - scraper - INFO - Searching for: 360 ONE WAM LIMITED site:www.business-standard.com
2025-08-13 23:03:25,089 - scraper - INFO - Searching for: 360 ONE WAM LIMITED site:www.livemint.com
2025-08-13 23:03:30,300 - scraper - INFO - Searching for: 360 ONE WAM LIMITED site:www.moneycontrol.com
2025-08-13 23:03:37,983 - scraper - WARNING - Failed to extract content from https://www.moneycontrol.com/india/stockpricequote/finance-others/360onewam/IIFLW54277: Article `download()` failed with HTTPSConnectionPool(host='www.moneycontrol.com', port=443): Read timed out. (read timeout=7) on URL https://www.moneycontrol.com/india/stockpricequote/finance-others/360onewam/IIFLW54277
2025-08-13 23:03:49,883 - scraper - INFO - Found 5 unique articles for 360 ONE WAM LIMITED
2025-08-13 23:03:49,883 - __main__ - INFO - Scraped 15 company-specific articles
2025-08-13 23:03:49,890 - __main__ - INFO - Combined to 51 unique articles
2025-08-13 23:03:49,890 - __main__ - INFO - Step 5: Enriching articles with full content...
2025-08-13 23:04:04,532 - __main__ - INFO - Enriched 50 articles with full content
2025-08-13 23:04:04,533 - __main__ - INFO - Step 6: Analyzing articles for sentiment and investment insights...
2025-08-13 23:04:04,533 - analyzer - INFO - Analyzing article 1/51: Ahead of Market: 10 things that will decide stock ...
2025-08-13 23:04:04,648 - analyzer - INFO - Analyzing article 2/51: Sebi permits use of mutual funds for IAs, RAs depo...
2025-08-13 23:04:04,727 - analyzer - INFO - Analyzing article 3/51: Senco Gold Q1 profit doubles on festive demand, sh...
2025-08-13 23:04:04,808 - analyzer - INFO - Analyzing article 4/51: Muthoot Finance Q1 profit jumps 90% on strong grow...
2025-08-13 23:04:04,887 - analyzer - INFO - Analyzing article 5/51: CSB Bank Q1 profit up 5% despite NIM fall, provisi...
2025-08-13 23:04:04,966 - analyzer - INFO - Analyzing article 6/51: Market Trading Guide: Buy Eternal, TVS Motor and 3...
2025-08-13 23:04:05,051 - analyzer - INFO - Analyzing article 7/51: ET Market Watch: Sensex rises 304 pts, Nifty recla...
2025-08-13 23:04:05,152 - analyzer - INFO - Analyzing article 8/51: IRCTC Q1 Results: PAT rises 8% YoY to Rs 331 crore...
2025-08-13 23:04:05,245 - analyzer - INFO - Analyzing article 9/51: S&P 500, Nasdaq hit record highs on September rate...
2025-08-13 23:04:05,331 - analyzer - INFO - Analyzing article 10/51: From IPO highs to earnings lows & how India is rew...
2025-08-13 23:04:05,415 - analyzer - INFO - Analyzing article 11/51: Jubilant Foodworks Q1 Results: Domino's India oper...
2025-08-13 23:04:05,494 - analyzer - INFO - Analyzing article 12/51: Muthoot Finance Q1 Results: Standalone profit surg...
2025-08-13 23:04:05,575 - analyzer - INFO - Analyzing article 13/51: Sebi drafts rewrite of 30-year-old broker rules fo...
2025-08-13 23:04:05,688 - analyzer - ERROR - Error analyzing article 13: can't subtract offset-naive and offset-aware datetimes
2025-08-13 23:04:05,688 - analyzer - INFO - Analyzing article 14/51: Rakuten Bank to Refrain From JGB Buying as More Ra...
2025-08-13 23:04:05,786 - analyzer - ERROR - Error analyzing article 14: can't subtract offset-naive and offset-aware datetimes
2025-08-13 23:04:05,786 - analyzer - INFO - Analyzing article 15/51: Nifty IT is 2025’s worst-performing sector, down 2...
2025-08-13 23:04:05,888 - analyzer - ERROR - Error analyzing article 15: can't subtract offset-naive and offset-aware datetimes
2025-08-13 23:04:05,888 - analyzer - INFO - Analyzing article 16/51: Peter Thiel-backed crypto exchange Bullish indicat...
2025-08-13 23:04:05,980 - analyzer - ERROR - Error analyzing article 16: can't subtract offset-naive and offset-aware datetimes
2025-08-13 23:04:05,980 - analyzer - INFO - Analyzing article 17/51: Wall Street today: S&P 500, Nasdaq hit record high...
2025-08-13 23:04:06,076 - analyzer - ERROR - Error analyzing article 17: can't subtract offset-naive and offset-aware datetimes
2025-08-13 23:04:06,076 - analyzer - INFO - Analyzing article 18/51: Eternal share price jumps over 55% in under 5 mont...
2025-08-13 23:04:06,175 - analyzer - ERROR - Error analyzing article 18: can't subtract offset-naive and offset-aware datetimes
2025-08-13 23:04:06,175 - analyzer - INFO - Analyzing article 19/51: Sebi to define algo trading, revamp stock brokers ...
2025-08-13 23:04:06,268 - analyzer - ERROR - Error analyzing article 19: can't subtract offset-naive and offset-aware datetimes
2025-08-13 23:04:06,268 - analyzer - INFO - Analyzing article 20/51: BlueStone Jewellery IPO: Issue booked nearly 3x by...
2025-08-13 23:04:06,364 - analyzer - ERROR - Error analyzing article 20: can't subtract offset-naive and offset-aware datetimes
2025-08-13 23:04:06,364 - analyzer - INFO - Analyzing article 21/51: Multibagger ethanol stock faces worst year since 2...
2025-08-13 23:04:06,473 - analyzer - ERROR - Error analyzing article 21: can't subtract offset-naive and offset-aware datetimes
2025-08-13 23:04:06,473 - analyzer - INFO - Analyzing article 22/51: Investing in bonds — A low-key asset class with st...
2025-08-13 23:04:06,594 - analyzer - ERROR - Error analyzing article 22: can't subtract offset-naive and offset-aware datetimes
2025-08-13 23:04:06,594 - analyzer - INFO - Analyzing article 23/51: What are bonds and how do they provide stable retu...
2025-08-13 23:04:06,706 - analyzer - ERROR - Error analyzing article 23: can't subtract offset-naive and offset-aware datetimes
2025-08-13 23:04:06,706 - analyzer - INFO - Analyzing article 24/51: Medistep Healthcare IPO allotment to be out soon: ...
2025-08-13 23:04:06,801 - analyzer - ERROR - Error analyzing article 24: can't subtract offset-naive and offset-aware datetimes
2025-08-13 23:04:06,801 - analyzer - INFO - Analyzing article 25/51: Aditya Birla firm for young fashion TMRW raises ₹4...
2025-08-13 23:04:06,900 - analyzer - ERROR - Error analyzing article 25: can't subtract offset-naive and offset-aware datetimes
2025-08-13 23:04:06,900 - analyzer - INFO - Analyzing article 26/51: US Chip-Gear Maker Sued in China Over Alleged Trad...
2025-08-13 23:04:07,008 - analyzer - ERROR - Error analyzing article 26: can't subtract offset-naive and offset-aware datetimes
2025-08-13 23:04:07,008 - analyzer - INFO - Analyzing article 27/51: Bessent Sees Nvidia, AMD China Agreements as a Mod...
2025-08-13 23:04:07,110 - analyzer - ERROR - Error analyzing article 27: can't subtract offset-naive and offset-aware datetimes
2025-08-13 23:04:07,110 - analyzer - INFO - Analyzing article 28/51: United Spirits Q1 profit slips 14 pc to ₹417 cr; r...
2025-08-13 23:04:07,204 - analyzer - ERROR - Error analyzing article 28: can't subtract offset-naive and offset-aware datetimes
2025-08-13 23:04:07,204 - analyzer - INFO - Analyzing article 29/51: Toxic Spill at China-Owned Zambian Mine 30 Times W...
2025-08-13 23:04:07,322 - analyzer - ERROR - Error analyzing article 29: can't subtract offset-naive and offset-aware datetimes
2025-08-13 23:04:07,322 - analyzer - INFO - Analyzing article 30/51: Ola Electric teases new software for two-wheelers,...
2025-08-13 23:04:07,412 - analyzer - ERROR - Error analyzing article 30: can't subtract offset-naive and offset-aware datetimes
2025-08-13 23:04:07,413 - analyzer - INFO - Analyzing article 31/51: Don’t fret about Warren Buffett. Berkshire stock i...
2025-08-13 23:04:07,520 - analyzer - ERROR - Error analyzing article 31: can't subtract offset-naive and offset-aware datetimes
2025-08-13 23:04:07,520 - analyzer - INFO - Analyzing article 32/51: Stakeholder consultation by FSSAI charts roadmap f...
2025-08-13 23:04:07,614 - analyzer - ERROR - Error analyzing article 32: can't subtract offset-naive and offset-aware datetimes
2025-08-13 23:04:07,614 - analyzer - INFO - Analyzing article 33/51: Swiss Face Higher Fighter-Jet Cost as US Squeezes ...
2025-08-13 23:04:07,713 - analyzer - ERROR - Error analyzing article 33: can't subtract offset-naive and offset-aware datetimes
2025-08-13 23:04:07,713 - analyzer - INFO - Analyzing article 34/51: IBBI proposes cap on assignments for insolvency pr...
2025-08-13 23:04:07,810 - analyzer - ERROR - Error analyzing article 34: can't subtract offset-naive and offset-aware datetimes
2025-08-13 23:04:07,810 - analyzer - INFO - Analyzing article 35/51: ‘India can be auto manufacturing hub for world’, b...
2025-08-13 23:04:07,911 - analyzer - ERROR - Error analyzing article 35: can't subtract offset-naive and offset-aware datetimes
2025-08-13 23:04:07,911 - analyzer - INFO - Analyzing article 36/51: Eli Lilly launches Mounjaro pen in India as obesit...
2025-08-13 23:04:08,017 - analyzer - ERROR - Error analyzing article 36: can't subtract offset-naive and offset-aware datetimes
2025-08-13 23:04:08,017 - analyzer - INFO - Analyzing article 37/51: 20 Microns Share Price Today, 20 Microns Stock Pri...
2025-08-13 23:04:08,132 - analyzer - INFO - Analyzing article 38/51: 20 Microns Announcement, Latest News on 20 Microns...
2025-08-13 23:04:08,212 - analyzer - INFO - Analyzing article 39/51: 20 Microns Management Information...
2025-08-13 23:04:08,291 - analyzer - INFO - Analyzing article 40/51: 20 Microns Competitors List...
2025-08-13 23:04:08,371 - analyzer - INFO - Analyzing article 41/51: 20 Microns Ltd. Technical Chart NSE Stock Analysis...
2025-08-13 23:04:08,470 - analyzer - INFO - Analyzing article 42/51: Twentyfirst Cent Share Price Today, Twentyfirst Ce...
2025-08-13 23:04:08,552 - analyzer - INFO - Analyzing article 43/51: Twentyfirst Century Management Services Management...
2025-08-13 23:04:08,632 - analyzer - INFO - Analyzing article 44/51: Twentyfirst Century Management Services Announceme...
2025-08-13 23:04:08,713 - analyzer - INFO - Analyzing article 45/51: Twentyfirst Century Management Services Quarterly ...
2025-08-13 23:04:08,792 - analyzer - INFO - Analyzing article 46/51: Twentyfirst Century Management Services Competitor...
2025-08-13 23:04:08,871 - analyzer - INFO - Analyzing article 47/51: 360 One Wam Share Price Today, 360 One Wam Stock P...
2025-08-13 23:04:08,988 - analyzer - INFO - Analyzing article 48/51: 360 One WAM shares crack 6% as BC Asia Investments...
2025-08-13 23:04:09,067 - analyzer - INFO - Analyzing article 49/51: 360 One Wam News...
2025-08-13 23:04:09,149 - analyzer - INFO - Analyzing article 50/51: 360 One Wam Competitors List...
2025-08-13 23:04:09,228 - analyzer - INFO - Analyzing article 51/51: 360 ONE WAM Ltd Share Price Today, 1,033.50, 360 O...
2025-08-13 23:04:09,318 - __main__ - INFO - Analyzed 51 articles
2025-08-13 23:04:09,318 - __main__ - INFO - Step 7: Filtering relevant articles...
2025-08-13 23:04:09,318 - __main__ - INFO - Found 27 relevant articles
2025-08-13 23:04:09,318 - __main__ - INFO - Step 8: Generating summary insights...
2025-08-13 23:04:09,319 - __main__ - INFO - Full analysis completed in 150.62 seconds
2025-08-13 23:04:09,330 - __main__ - INFO - Results saved to /home/shams/Desktop/ShareMIP/output/nse_news_analysis_20250813_230409.json
2025-08-13 23:05:51,425 - __main__ - INFO - Initializing NSE News Analysis System...
2025-08-13 23:05:51,440 - utils - INFO - Loaded 2139 NSE companies
2025-08-13 23:05:51,440 - __main__ - INFO - Loaded 2139 NSE companies
2025-08-13 23:05:51,567 - __main__ - INFO - System initialization completed successfully
2025-08-13 23:05:51,567 - __main__ - INFO - Running full news analysis...
2025-08-13 23:05:51,567 - __main__ - INFO - Starting full news analysis pipeline...
2025-08-13 23:05:51,567 - __main__ - INFO - Step 1: Scraping general business news...
2025-08-13 23:05:51,567 - scraper - INFO - Fetching general news from economic_times
2025-08-13 23:05:51,567 - scraper - INFO - Parsing RSS feed: https://economictimes.indiatimes.com/markets/stocks/rssfeeds/2146842.cms
2025-08-13 23:05:51,769 - scraper - INFO - Parsing RSS feed: https://economictimes.indiatimes.com/news/company/corporate-trends/rssfeeds/13358266.cms
2025-08-13 23:05:51,895 - scraper - INFO - Fetched 12 articles from economic_times
2025-08-13 23:05:51,896 - scraper - INFO - Fetching general news from business_standard
2025-08-13 23:05:51,896 - scraper - INFO - Parsing RSS feed: https://www.business-standard.com/rss/markets-106.rss
2025-08-13 23:05:52,008 - scraper - INFO - Parsing RSS feed: https://www.business-standard.com/rss/companies-101.rss
2025-08-13 23:05:52,091 - scraper - INFO - Fetched 0 articles from business_standard
2025-08-13 23:05:52,091 - scraper - INFO - Fetching general news from mint
2025-08-13 23:05:52,091 - scraper - INFO - Parsing RSS feed: https://www.livemint.com/rss/markets
2025-08-13 23:05:52,490 - scraper - INFO - Parsing RSS feed: https://www.livemint.com/rss/companies
2025-08-13 23:05:52,647 - scraper - INFO - Fetched 24 articles from mint
2025-08-13 23:05:52,647 - scraper - INFO - Fetching general news from moneycontrol
2025-08-13 23:05:52,647 - scraper - INFO - Parsing RSS feed: https://www.moneycontrol.com/rss/business.xml
2025-08-13 23:05:52,852 - scraper - INFO - Parsing RSS feed: https://www.moneycontrol.com/rss/results.xml
2025-08-13 23:05:53,040 - scraper - INFO - Fetched 24 articles from moneycontrol
2025-08-13 23:05:53,040 - __main__ - INFO - Scraped 60 general articles
2025-08-13 23:05:53,040 - __main__ - INFO - Step 2: Filtering recent articles...
2025-08-13 23:05:53,040 - __main__ - INFO - Found 36 recent articles
2025-08-13 23:05:53,040 - __main__ - INFO - Step 3: Fetching company-specific news...
2025-08-13 23:05:53,041 - scraper - INFO - Searching news for: 20 Microns Limited
2025-08-13 23:05:53,041 - scraper - INFO - Searching for: 20 Microns Limited site:economictimes.indiatimes.com
2025-08-13 23:05:57,513 - scraper - INFO - Searching for: 20 Microns Limited site:www.business-standard.com
2025-08-13 23:06:00,492 - scraper - INFO - Searching for: 20 Microns Limited site:www.livemint.com
2025-08-13 23:06:04,140 - scraper - INFO - Searching for: 20 Microns Limited site:www.moneycontrol.com
2025-08-13 23:06:11,835 - scraper - INFO - Found 5 unique articles for 20 Microns Limited
2025-08-13 23:06:11,836 - scraper - INFO - Searching news for: 21st Century Management Services Limited
2025-08-13 23:06:11,836 - scraper - INFO - Searching for: 21st Century Management Services Limited site:economictimes.indiatimes.com
2025-08-13 23:06:16,366 - scraper - INFO - Searching for: 21st Century Management Services Limited site:www.business-standard.com
2025-08-13 23:06:19,382 - scraper - INFO - Searching for: 21st Century Management Services Limited site:www.livemint.com
2025-08-13 23:06:22,715 - scraper - INFO - Searching for: 21st Century Management Services Limited site:www.moneycontrol.com
2025-08-13 23:06:27,108 - scraper - INFO - Found 5 unique articles for 21st Century Management Services Limited
2025-08-13 23:06:27,108 - scraper - INFO - Searching news for: 360 ONE WAM LIMITED
2025-08-13 23:06:27,108 - scraper - INFO - Searching for: 360 ONE WAM LIMITED site:economictimes.indiatimes.com
2025-08-13 23:06:31,272 - scraper - INFO - Searching for: 360 ONE WAM LIMITED site:www.business-standard.com
2025-08-13 23:06:34,385 - scraper - INFO - Searching for: 360 ONE WAM LIMITED site:www.livemint.com
2025-08-13 23:06:38,518 - scraper - INFO - Searching for: 360 ONE WAM LIMITED site:www.moneycontrol.com
2025-08-13 23:06:43,264 - scraper - INFO - Found 5 unique articles for 360 ONE WAM LIMITED
2025-08-13 23:06:43,264 - scraper - INFO - Searching news for: 3i Infotech Limited
2025-08-13 23:06:43,264 - scraper - INFO - Searching for: 3i Infotech Limited site:economictimes.indiatimes.com
2025-08-13 23:06:53,971 - scraper - INFO - Searching for: 3i Infotech Limited site:www.business-standard.com
2025-08-13 23:07:04,318 - scraper - WARNING - Failed to extract content from https://www.business-standard.com/companies/quarterly-results/3i-infotech-ltd-quarterly-results-20650: Article `download()` failed with HTTPSConnectionPool(host='www.business-standard.com', port=443): Read timed out. (read timeout=7) on URL https://www.business-standard.com/companies/quarterly-results/3i-infotech-ltd-quarterly-results-20650
2025-08-13 23:07:06,319 - scraper - INFO - Searching for: 3i Infotech Limited site:www.livemint.com
2025-08-13 23:07:11,381 - scraper - INFO - Searching for: 3i Infotech Limited site:www.moneycontrol.com
2025-08-13 23:07:33,001 - scraper - INFO - Found 5 unique articles for 3i Infotech Limited
2025-08-13 23:07:33,001 - scraper - INFO - Searching news for: 3M India Limited
2025-08-13 23:07:33,001 - scraper - INFO - Searching for: 3M India Limited site:economictimes.indiatimes.com
2025-08-13 23:07:40,123 - scraper - INFO - Searching for: 3M India Limited site:www.business-standard.com
2025-08-13 23:07:46,999 - scraper - INFO - Searching for: 3M India Limited site:www.livemint.com
2025-08-13 23:07:51,740 - scraper - INFO - Searching for: 3M India Limited site:www.moneycontrol.com
2025-08-13 23:07:59,414 - scraper - WARNING - Failed to extract content from https://www.moneycontrol.com/india/stockpricequote/diversified/3mindia/MI42: Article `download()` failed with HTTPSConnectionPool(host='www.moneycontrol.com', port=443): Read timed out. (read timeout=7) on URL https://www.moneycontrol.com/india/stockpricequote/diversified/3mindia/MI42
2025-08-13 23:08:09,245 - scraper - WARNING - Failed to extract content from https://www.moneycontrol.com/financials/3mindia/balance-sheetVI/mi42: Article `download()` failed with HTTPSConnectionPool(host='www.moneycontrol.com', port=443): Read timed out. (read timeout=7) on URL https://www.moneycontrol.com/financials/3mindia/balance-sheetVI/mi42
2025-08-13 23:08:14,704 - scraper - INFO - Found 5 unique articles for 3M India Limited
2025-08-13 23:08:14,704 - scraper - INFO - Searching news for: 3P Land Holdings Limited
2025-08-13 23:08:14,704 - scraper - INFO - Searching for: 3P Land Holdings Limited site:economictimes.indiatimes.com
2025-08-13 23:08:25,712 - scraper - INFO - Searching for: 3P Land Holdings Limited site:www.business-standard.com
2025-08-13 23:08:31,281 - scraper - INFO - Searching for: 3P Land Holdings Limited site:www.livemint.com
2025-08-13 23:08:35,983 - scraper - INFO - Searching for: 3P Land Holdings Limited site:www.moneycontrol.com
2025-08-13 23:08:43,903 - scraper - WARNING - Failed to extract content from https://www.moneycontrol.com/india/stockpricequote/paper/3plandholdings/PI36: Article `download()` failed with HTTPSConnectionPool(host='www.moneycontrol.com', port=443): Read timed out. (read timeout=7) on URL https://www.moneycontrol.com/india/stockpricequote/paper/3plandholdings/PI36
2025-08-13 23:09:01,951 - scraper - INFO - Found 5 unique articles for 3P Land Holdings Limited
2025-08-13 23:09:01,951 - scraper - INFO - Searching news for: 5Paisa Capital Limited
2025-08-13 23:09:01,951 - scraper - INFO - Searching for: 5Paisa Capital Limited site:economictimes.indiatimes.com
2025-08-13 23:09:09,663 - scraper - INFO - Searching for: 5Paisa Capital Limited site:www.business-standard.com
2025-08-13 23:09:15,765 - scraper - INFO - Searching for: 5Paisa Capital Limited site:www.livemint.com
2025-08-13 23:09:21,233 - scraper - INFO - Searching for: 5Paisa Capital Limited site:www.moneycontrol.com
2025-08-13 23:09:28,921 - scraper - WARNING - Failed to extract content from https://www.moneycontrol.com/india/stockpricequote/miscellaneous/5paisacapital/C98: Article `download()` failed with HTTPSConnectionPool(host='www.moneycontrol.com', port=443): Read timed out. (read timeout=7) on URL https://www.moneycontrol.com/india/stockpricequote/miscellaneous/5paisacapital/C98
2025-08-13 23:09:48,004 - scraper - INFO - Found 5 unique articles for 5Paisa Capital Limited
2025-08-13 23:09:48,005 - scraper - INFO - Searching news for: 63 moons technologies limited
2025-08-13 23:09:48,005 - scraper - INFO - Searching for: 63 moons technologies limited site:economictimes.indiatimes.com
2025-08-13 23:09:57,394 - scraper - INFO - Searching for: 63 moons technologies limited site:www.business-standard.com
2025-08-13 23:10:06,160 - scraper - INFO - Searching for: 63 moons technologies limited site:www.livemint.com
2025-08-13 23:10:12,335 - scraper - INFO - Searching for: 63 moons technologies limited site:www.moneycontrol.com
2025-08-13 23:10:20,011 - scraper - WARNING - Failed to extract content from https://www.moneycontrol.com/india/stockpricequote/computers-software/63moonstechnologies/FT02: Article `download()` failed with HTTPSConnectionPool(host='www.moneycontrol.com', port=443): Read timed out. (read timeout=7) on URL https://www.moneycontrol.com/india/stockpricequote/computers-software/63moonstechnologies/FT02
2025-08-13 23:10:30,232 - scraper - INFO - Found 5 unique articles for 63 moons technologies limited
2025-08-13 23:10:30,232 - scraper - INFO - Searching news for: A2Z Infra Engineering Limited
2025-08-13 23:10:30,233 - scraper - INFO - Searching for: A2Z Infra Engineering Limited site:economictimes.indiatimes.com
2025-08-13 23:10:37,299 - scraper - INFO - Searching for: A2Z Infra Engineering Limited site:www.business-standard.com
2025-08-13 23:10:44,769 - scraper - INFO - Searching for: A2Z Infra Engineering Limited site:www.livemint.com
2025-08-13 23:10:49,912 - scraper - INFO - Searching for: A2Z Infra Engineering Limited site:www.moneycontrol.com
2025-08-13 23:10:57,489 - scraper - WARNING - Failed to extract content from https://www.moneycontrol.com/india/stockpricequote/power-transmissionequipment/a2zinfraengineering/AME02: Article `download()` failed with HTTPSConnectionPool(host='www.moneycontrol.com', port=443): Read timed out. (read timeout=7) on URL https://www.moneycontrol.com/india/stockpricequote/power-transmissionequipment/a2zinfraengineering/AME02
2025-08-13 23:11:12,381 - scraper - INFO - Found 5 unique articles for A2Z Infra Engineering Limited
2025-08-13 23:11:12,381 - scraper - INFO - Searching news for: AAA Technologies Limited
2025-08-13 23:11:12,381 - scraper - INFO - Searching for: AAA Technologies Limited site:economictimes.indiatimes.com
2025-08-13 23:11:20,868 - scraper - INFO - Searching for: AAA Technologies Limited site:www.business-standard.com
2025-08-13 23:11:27,161 - scraper - INFO - Searching for: AAA Technologies Limited site:www.livemint.com
2025-08-13 23:11:31,804 - scraper - INFO - Searching for: AAA Technologies Limited site:www.moneycontrol.com
2025-08-13 23:11:39,432 - scraper - WARNING - Failed to extract content from https://www.moneycontrol.com/india/stockpricequote/software/aaatechnologies/ATL: Article `download()` failed with HTTPSConnectionPool(host='www.moneycontrol.com', port=443): Read timed out. (read timeout=7) on URL https://www.moneycontrol.com/india/stockpricequote/software/aaatechnologies/ATL
2025-08-13 23:11:46,501 - scraper - WARNING - Failed to extract content from https://www.moneycontrol.com/financials/aaatechnologiesltd/balance-sheetVI/ATL: Article `download()` failed with HTTPSConnectionPool(host='www.moneycontrol.com', port=443): Read timed out. (read timeout=7) on URL https://www.moneycontrol.com/financials/aaatechnologiesltd/balance-sheetVI/ATL
2025-08-13 23:11:54,820 - scraper - INFO - Found 5 unique articles for AAA Technologies Limited
2025-08-13 23:11:54,820 - scraper - INFO - Searching news for: Aadhar Housing Finance Limited
2025-08-13 23:11:54,820 - scraper - INFO - Searching for: Aadhar Housing Finance Limited site:economictimes.indiatimes.com
2025-08-13 23:12:02,404 - scraper - INFO - Searching for: Aadhar Housing Finance Limited site:www.business-standard.com
2025-08-13 23:12:12,127 - scraper - INFO - Searching for: Aadhar Housing Finance Limited site:www.livemint.com
2025-08-13 23:12:17,298 - scraper - INFO - Searching for: Aadhar Housing Finance Limited site:www.moneycontrol.com
2025-08-13 23:12:36,546 - scraper - INFO - Found 5 unique articles for Aadhar Housing Finance Limited
2025-08-13 23:12:36,547 - scraper - INFO - Searching news for: Aakash Exploration Services Limited
2025-08-13 23:12:36,547 - scraper - INFO - Searching for: Aakash Exploration Services Limited site:economictimes.indiatimes.com
2025-08-13 23:12:48,739 - scraper - INFO - Searching for: Aakash Exploration Services Limited site:www.business-standard.com
2025-08-13 23:12:55,670 - scraper - INFO - Searching for: Aakash Exploration Services Limited site:www.livemint.com
2025-08-13 23:13:00,820 - scraper - INFO - Searching for: Aakash Exploration Services Limited site:www.moneycontrol.com
2025-08-13 23:13:08,322 - scraper - WARNING - Failed to extract content from https://www.moneycontrol.com/india/stockpricequote/engineering-heavy/aakashexplorationservices/AES01: Article `download()` failed with HTTPSConnectionPool(host='www.moneycontrol.com', port=443): Read timed out. (read timeout=7) on URL https://www.moneycontrol.com/india/stockpricequote/engineering-heavy/aakashexplorationservices/AES01
2025-08-13 23:13:30,123 - scraper - INFO - Found 5 unique articles for Aakash Exploration Services Limited
2025-08-13 23:13:30,123 - scraper - INFO - Searching news for: Aarey Drugs & Pharmaceuticals Limited
2025-08-13 23:13:30,123 - scraper - INFO - Searching for: Aarey Drugs & Pharmaceuticals Limited site:economictimes.indiatimes.com
2025-08-13 23:13:38,516 - scraper - INFO - Searching for: Aarey Drugs & Pharmaceuticals Limited site:www.business-standard.com
2025-08-13 23:13:44,575 - scraper - INFO - Searching for: Aarey Drugs & Pharmaceuticals Limited site:www.livemint.com
2025-08-13 23:13:49,740 - scraper - INFO - Searching for: Aarey Drugs & Pharmaceuticals Limited site:www.moneycontrol.com
2025-08-13 23:13:57,249 - scraper - WARNING - Failed to extract content from https://www.moneycontrol.com/india/stockpricequote/pharmaceuticals/aareydrugspharmaceuticals/ADP: Article `download()` failed with HTTPSConnectionPool(host='www.moneycontrol.com', port=443): Read timed out. (read timeout=7) on URL https://www.moneycontrol.com/india/stockpricequote/pharmaceuticals/aareydrugspharmaceuticals/ADP
2025-08-13 23:14:09,766 - scraper - INFO - Found 5 unique articles for Aarey Drugs & Pharmaceuticals Limited
2025-08-13 23:14:09,766 - scraper - INFO - Searching news for: Aaron Industries Limited
2025-08-13 23:14:09,766 - scraper - INFO - Searching for: Aaron Industries Limited site:economictimes.indiatimes.com
2025-08-13 23:14:20,100 - scraper - INFO - Searching for: Aaron Industries Limited site:www.business-standard.com
2025-08-13 23:14:26,559 - scraper - INFO - Searching for: Aaron Industries Limited site:www.livemint.com
2025-08-13 23:14:31,222 - scraper - INFO - Searching for: Aaron Industries Limited site:www.moneycontrol.com
2025-08-13 23:14:40,564 - scraper - WARNING - Failed to extract content from https://www.moneycontrol.com/india/stockpricequote/engineering/aaronindustries/AI79: Article `download()` failed with HTTPSConnectionPool(host='www.moneycontrol.com', port=443): Read timed out. (read timeout=7) on URL https://www.moneycontrol.com/india/stockpricequote/engineering/aaronindustries/AI79
2025-08-13 23:14:53,617 - scraper - INFO - Found 5 unique articles for Aaron Industries Limited
2025-08-13 23:14:53,617 - scraper - INFO - Searching news for: Aartech Solonics Limited
2025-08-13 23:14:53,617 - scraper - INFO - Searching for: Aartech Solonics Limited site:economictimes.indiatimes.com
2025-08-13 23:15:00,638 - scraper - INFO - Searching for: Aartech Solonics Limited site:www.business-standard.com
2025-08-13 23:15:18,796 - scraper - INFO - Searching for: Aartech Solonics Limited site:www.livemint.com
2025-08-13 23:15:30,931 - scraper - INFO - Searching for: Aartech Solonics Limited site:www.moneycontrol.com
2025-08-13 23:15:38,397 - scraper - WARNING - Failed to extract content from https://www.moneycontrol.com/india/stockpricequote/electronics-components/aartechsolonics/AS27: Article `download()` failed with HTTPSConnectionPool(host='www.moneycontrol.com', port=443): Read timed out. (read timeout=7) on URL https://www.moneycontrol.com/india/stockpricequote/electronics-components/aartechsolonics/AS27
2025-08-13 23:15:52,625 - scraper - INFO - Found 5 unique articles for Aartech Solonics Limited
2025-08-13 23:15:52,625 - scraper - INFO - Searching news for: Aarti Drugs Limited
2025-08-13 23:15:52,625 - scraper - INFO - Searching for: Aarti Drugs Limited site:economictimes.indiatimes.com
2025-08-13 23:16:00,702 - scraper - INFO - Searching for: Aarti Drugs Limited site:www.business-standard.com
2025-08-13 23:16:07,965 - scraper - INFO - Searching for: Aarti Drugs Limited site:www.livemint.com
2025-08-13 23:16:12,290 - scraper - INFO - Searching for: Aarti Drugs Limited site:www.moneycontrol.com
2025-08-13 23:16:22,749 - scraper - WARNING - Failed to extract content from https://www.moneycontrol.com/bse_annualreports/5243480313.pdf?classic=true: Article `download()` failed with 410 Client Error: Gone for url: https://www.moneycontrol.com/bse_annualreports/5243480313.pdf?classic=true on URL https://www.moneycontrol.com/bse_annualreports/5243480313.pdf?classic=true
2025-08-13 23:16:24,750 - scraper - INFO - Found 5 unique articles for Aarti Drugs Limited
2025-08-13 23:16:24,750 - scraper - INFO - Searching news for: Aarti Industries Limited
2025-08-13 23:16:24,750 - scraper - INFO - Searching for: Aarti Industries Limited site:economictimes.indiatimes.com
2025-08-13 23:16:30,426 - scraper - INFO - Searching for: Aarti Industries Limited site:www.business-standard.com
2025-08-13 23:16:37,851 - scraper - INFO - Searching for: Aarti Industries Limited site:www.livemint.com
2025-08-13 23:16:42,059 - scraper - INFO - Searching for: Aarti Industries Limited site:www.moneycontrol.com
2025-08-13 23:16:57,971 - scraper - INFO - Found 5 unique articles for Aarti Industries Limited
2025-08-13 23:16:57,972 - scraper - INFO - Searching news for: Aarti Pharmalabs Limited
2025-08-13 23:16:57,972 - scraper - INFO - Searching for: Aarti Pharmalabs Limited site:economictimes.indiatimes.com
2025-08-13 23:17:07,061 - scraper - INFO - Searching for: Aarti Pharmalabs Limited site:www.business-standard.com
2025-08-13 23:17:14,502 - scraper - INFO - Searching for: Aarti Pharmalabs Limited site:www.livemint.com
2025-08-13 23:17:19,062 - scraper - INFO - Searching for: Aarti Pharmalabs Limited site:www.moneycontrol.com
2025-08-13 23:17:19,711 - scraper - ERROR - Error searching news for Aarti Pharmalabs Limited: 429 Client Error: Too Many Requests for url: https://www.google.com/sorry/index?continue=https://www.google.com/search%3Fq%3DAarti%2BPharmalabs%2BLimited%2Bsite%253Awww.moneycontrol.com%26num%3D7%26hl%3Den%26start%3D0%26safe%3Dactive&hl=en&q=EhAkBQIB0BRwCrH3QZt9WpN0GKef88QGIjCsVLHDLk9ZO2BsLqA234cVGQZoo7cNem_x9PjhSR22ra1tsueiXKYAR-aOxPDOZA4yAnJSWgFD
2025-08-13 23:17:19,712 - scraper - INFO - Found 5 unique articles for Aarti Pharmalabs Limited
2025-08-13 23:17:19,713 - scraper - INFO - Searching news for: Aarti Surfactants Limited
2025-08-13 23:17:19,713 - scraper - INFO - Searching for: Aarti Surfactants Limited site:economictimes.indiatimes.com
2025-08-13 23:17:20,472 - scraper - ERROR - Error searching news for Aarti Surfactants Limited: 429 Client Error: Too Many Requests for url: https://www.google.com/sorry/index?continue=https://www.google.com/search%3Fq%3DAarti%2BSurfactants%2BLimited%2Bsite%253Aeconomictimes.indiatimes.com%26num%3D7%26hl%3Den%26start%3D0%26safe%3Dactive&hl=en&q=EhAkBQIB0BRwCrH3QZt9WpN0GKef88QGIjAsy_Ivr17lW0WdxvB_kuZbyq0SgLVDGJqiP67mDfrIxW3sH5QPpqhEjx5VujDY4A8yAnJSWgFD
2025-08-13 23:17:20,472 - scraper - INFO - Searching for: Aarti Surfactants Limited site:www.business-standard.com
2025-08-13 23:17:21,188 - scraper - ERROR - Error searching news for Aarti Surfactants Limited: 429 Client Error: Too Many Requests for url: https://www.google.com/sorry/index?continue=https://www.google.com/search%3Fq%3DAarti%2BSurfactants%2BLimited%2Bsite%253Awww.business-standard.com%26num%3D7%26hl%3Den%26start%3D0%26safe%3Dactive&hl=en&q=EhAkBQIB0BRwCrH3QZt9WpN0GKif88QGIjAcwW_IhH5nmH0kwGpbDJOTu7r6cCEfT2Xt3dHN-y3siqwVbNGwmeIfbqwnM1vvqLgyAnJSWgFD
2025-08-13 23:17:21,189 - scraper - INFO - Searching for: Aarti Surfactants Limited site:www.livemint.com
2025-08-13 23:17:21,905 - scraper - ERROR - Error searching news for Aarti Surfactants Limited: 429 Client Error: Too Many Requests for url: https://www.google.com/sorry/index?continue=https://www.google.com/search%3Fq%3DAarti%2BSurfactants%2BLimited%2Bsite%253Awww.livemint.com%26num%3D7%26hl%3Den%26start%3D0%26safe%3Dactive&hl=en&q=EhAkBQIB0BRwCrH3QZt9WpN0GKmf88QGIjDbQ1wjEWtRFjU2N45MMeUDERd54QsShoZvDUkfHrP6JhC4proL5QNEUPWx7eRAeTYyAnJSWgFD
2025-08-13 23:17:21,905 - scraper - INFO - Searching for: Aarti Surfactants Limited site:www.moneycontrol.com
2025-08-13 23:17:22,575 - scraper - ERROR - Error searching news for Aarti Surfactants Limited: 429 Client Error: Too Many Requests for url: https://www.google.com/sorry/index?continue=https://www.google.com/search%3Fq%3DAarti%2BSurfactants%2BLimited%2Bsite%253Awww.moneycontrol.com%26num%3D7%26hl%3Den%26start%3D0%26safe%3Dactive&hl=en&q=EhAkBQIB0BRwCrH3QZt9WpN0GKmf88QGIjDQvS3YR7gqotoYd_PxTv692ojwkeJgVR25ONTejsZpPadDY9EyWB00AyGAVPctoMIyAnJSWgFD
2025-08-13 23:17:22,576 - scraper - INFO - Found 0 unique articles for Aarti Surfactants Limited
2025-08-13 23:17:22,609 - scraper - INFO - Searching news for: Aarvee Denims & Exports Limited
2025-08-13 23:17:22,609 - scraper - INFO - Searching for: Aarvee Denims & Exports Limited site:economictimes.indiatimes.com
2025-08-13 23:17:23,441 - scraper - ERROR - Error searching news for Aarvee Denims & Exports Limited: 429 Client Error: Too Many Requests for url: https://www.google.com/sorry/index?continue=https://www.google.com/search%3Fq%3DAarvee%2BDenims%2B%2526%2BExports%2BLimited%2Bsite%253Aeconomictimes.indiatimes.com%26num%3D7%26hl%3Den%26start%3D0%26safe%3Dactive&hl=en&q=EhAkBQIB0BRwCrH3QZt9WpN0GKqf88QGIjDaJJGXzXu9V68E3YEtsXeqQJrJTl4wwTMgWctJD-r-fEogx5ivixeaE1CA-HSIJYUyAnJSWgFD
2025-08-13 23:17:23,442 - scraper - INFO - Searching for: Aarvee Denims & Exports Limited site:www.business-standard.com
2025-08-13 23:17:24,215 - scraper - ERROR - Error searching news for Aarvee Denims & Exports Limited: 429 Client Error: Too Many Requests for url: https://www.google.com/sorry/index?continue=https://www.google.com/search%3Fq%3DAarvee%2BDenims%2B%2526%2BExports%2BLimited%2Bsite%253Awww.business-standard.com%26num%3D7%26hl%3Den%26start%3D0%26safe%3Dactive&hl=en&q=EhAkBQIB0BRwCrH3QZt9WpN0GKuf88QGIjDlA8gd9_9OIDQ6l47j6ekG1cRdZdEJYHTZO-NX3MdQW0Wp4XWPYks0uly5rpqNHRUyAnJSWgFD
2025-08-13 23:17:24,216 - scraper - INFO - Searching for: Aarvee Denims & Exports Limited site:www.livemint.com
2025-08-13 23:17:25,079 - scraper - ERROR - Error searching news for Aarvee Denims & Exports Limited: 429 Client Error: Too Many Requests for url: https://www.google.com/sorry/index?continue=https://www.google.com/search%3Fq%3DAarvee%2BDenims%2B%2526%2BExports%2BLimited%2Bsite%253Awww.livemint.com%26num%3D7%26hl%3Den%26start%3D0%26safe%3Dactive&hl=en&q=EhAkBQIB0BRwCrH3QZt9WpN0GKyf88QGIjDmp__NFAYYyc-4AVXA1I0XbOfQPC9EHDt_VIa81qR8pdz3ntxG8tIQ7sUpc_rdIDoyAnJSWgFD
2025-08-13 23:17:25,079 - scraper - INFO - Searching for: Aarvee Denims & Exports Limited site:www.moneycontrol.com
2025-08-13 23:17:26,104 - scraper - ERROR - Error searching news for Aarvee Denims & Exports Limited: 429 Client Error: Too Many Requests for url: https://www.google.com/sorry/index?continue=https://www.google.com/search%3Fq%3DAarvee%2BDenims%2B%2526%2BExports%2BLimited%2Bsite%253Awww.moneycontrol.com%26num%3D7%26hl%3Den%26start%3D0%26safe%3Dactive&hl=en&q=EhAkBQIB0BRwCrH3QZt9WpN0GK2f88QGIjBraa348qQqvUDUyb1fWgjul0V8ryy6BmJxCdHLwAc1_xLXgFHeRCYvWWUzTy3j36oyAnJSWgFD
2025-08-13 23:17:26,104 - scraper - INFO - Found 0 unique articles for Aarvee Denims & Exports Limited
2025-08-13 23:17:26,104 - __main__ - INFO - Scraped 90 company-specific articles
2025-08-13 23:17:26,141 - __main__ - INFO - Combined to 119 unique articles
2025-08-13 23:17:26,141 - __main__ - INFO - Step 5: Enriching articles with full content...
2025-08-13 23:17:40,497 - __main__ - INFO - Enriched 50 articles with full content
2025-08-13 23:17:40,498 - __main__ - INFO - Step 6: Analyzing articles for sentiment and investment insights...
2025-08-13 23:17:40,498 - analyzer - INFO - Analyzing article 1/119: Ahead of Market: 10 things that will decide stock ...
2025-08-13 23:17:40,643 - analyzer - INFO - Analyzing article 2/119: Sebi permits use of mutual funds for IAs, RAs depo...
2025-08-13 23:17:40,721 - analyzer - INFO - Analyzing article 3/119: Senco Gold Q1 profit doubles on festive demand, sh...
2025-08-13 23:17:40,801 - analyzer - INFO - Analyzing article 4/119: Muthoot Finance Q1 profit jumps 90% on strong grow...
2025-08-13 23:17:40,880 - analyzer - INFO - Analyzing article 5/119: CSB Bank Q1 profit up 5% despite NIM fall, provisi...
2025-08-13 23:17:40,959 - analyzer - INFO - Analyzing article 6/119: Market Trading Guide: Buy Eternal, TVS Motor and 3...
2025-08-13 23:17:41,044 - analyzer - INFO - Analyzing article 7/119: ET Market Watch: Sensex rises 304 pts, Nifty recla...
2025-08-13 23:17:41,140 - analyzer - INFO - Analyzing article 8/119: IRCTC Q1 Results: PAT rises 8% YoY to Rs 331 crore...
2025-08-13 23:17:41,230 - analyzer - INFO - Analyzing article 9/119: S&P 500, Nasdaq hit record highs on September rate...
2025-08-13 23:17:41,312 - analyzer - INFO - Analyzing article 10/119: From IPO highs to earnings lows & how India is rew...
2025-08-13 23:17:41,391 - analyzer - INFO - Analyzing article 11/119: Jubilant Foodworks Q1 Results: Domino's India oper...
2025-08-13 23:17:41,470 - analyzer - INFO - Analyzing article 12/119: Muthoot Finance Q1 Results: Standalone profit surg...
2025-08-13 23:17:41,554 - analyzer - INFO - Analyzing article 13/119: Sebi drafts rewrite of 30-year-old broker rules fo...
2025-08-13 23:17:41,666 - analyzer - ERROR - Error analyzing article 13: can't subtract offset-naive and offset-aware datetimes
2025-08-13 23:17:41,666 - analyzer - INFO - Analyzing article 14/119: Rakuten Bank to Refrain From JGB Buying as More Ra...
2025-08-13 23:17:41,764 - analyzer - ERROR - Error analyzing article 14: can't subtract offset-naive and offset-aware datetimes
2025-08-13 23:17:41,764 - analyzer - INFO - Analyzing article 15/119: Nifty IT is 2025’s worst-performing sector, down 2...
2025-08-13 23:17:41,865 - analyzer - ERROR - Error analyzing article 15: can't subtract offset-naive and offset-aware datetimes
2025-08-13 23:17:41,865 - analyzer - INFO - Analyzing article 16/119: Peter Thiel-backed crypto exchange Bullish indicat...
2025-08-13 23:17:41,964 - analyzer - ERROR - Error analyzing article 16: can't subtract offset-naive and offset-aware datetimes
2025-08-13 23:17:41,964 - analyzer - INFO - Analyzing article 17/119: Wall Street today: S&P 500, Nasdaq hit record high...
2025-08-13 23:17:42,062 - analyzer - ERROR - Error analyzing article 17: can't subtract offset-naive and offset-aware datetimes
2025-08-13 23:17:42,062 - analyzer - INFO - Analyzing article 18/119: Eternal share price jumps over 55% in under 5 mont...
2025-08-13 23:17:42,160 - analyzer - ERROR - Error analyzing article 18: can't subtract offset-naive and offset-aware datetimes
2025-08-13 23:17:42,161 - analyzer - INFO - Analyzing article 19/119: Sebi to define algo trading, revamp stock brokers ...
2025-08-13 23:17:42,252 - analyzer - ERROR - Error analyzing article 19: can't subtract offset-naive and offset-aware datetimes
2025-08-13 23:17:42,252 - analyzer - INFO - Analyzing article 20/119: BlueStone Jewellery IPO: Issue booked nearly 3x by...
2025-08-13 23:17:42,348 - analyzer - ERROR - Error analyzing article 20: can't subtract offset-naive and offset-aware datetimes
2025-08-13 23:17:42,349 - analyzer - INFO - Analyzing article 21/119: Multibagger ethanol stock faces worst year since 2...
2025-08-13 23:17:42,463 - analyzer - ERROR - Error analyzing article 21: can't subtract offset-naive and offset-aware datetimes
2025-08-13 23:17:42,463 - analyzer - INFO - Analyzing article 22/119: Investing in bonds — A low-key asset class with st...
2025-08-13 23:17:42,593 - analyzer - ERROR - Error analyzing article 22: can't subtract offset-naive and offset-aware datetimes
2025-08-13 23:17:42,593 - analyzer - INFO - Analyzing article 23/119: What are bonds and how do they provide stable retu...
2025-08-13 23:17:42,711 - analyzer - ERROR - Error analyzing article 23: can't subtract offset-naive and offset-aware datetimes
2025-08-13 23:17:42,711 - analyzer - INFO - Analyzing article 24/119: Medistep Healthcare IPO allotment to be out soon: ...
2025-08-13 23:17:42,806 - analyzer - ERROR - Error analyzing article 24: can't subtract offset-naive and offset-aware datetimes
2025-08-13 23:17:42,806 - analyzer - INFO - Analyzing article 25/119: Aditya Birla firm for young fashion TMRW raises ₹4...
2025-08-13 23:17:42,926 - analyzer - ERROR - Error analyzing article 25: can't subtract offset-naive and offset-aware datetimes
2025-08-13 23:17:42,926 - analyzer - INFO - Analyzing article 26/119: US Chip-Gear Maker Sued in China Over Alleged Trad...
2025-08-13 23:17:43,027 - analyzer - ERROR - Error analyzing article 26: can't subtract offset-naive and offset-aware datetimes
2025-08-13 23:17:43,027 - analyzer - INFO - Analyzing article 27/119: Bessent Sees Nvidia, AMD China Agreements as a Mod...
2025-08-13 23:17:43,130 - analyzer - ERROR - Error analyzing article 27: can't subtract offset-naive and offset-aware datetimes
2025-08-13 23:17:43,130 - analyzer - INFO - Analyzing article 28/119: United Spirits Q1 profit slips 14 pc to ₹417 cr; r...
2025-08-13 23:17:43,225 - analyzer - ERROR - Error analyzing article 28: can't subtract offset-naive and offset-aware datetimes
2025-08-13 23:17:43,225 - analyzer - INFO - Analyzing article 29/119: Toxic Spill at China-Owned Zambian Mine 30 Times W...
2025-08-13 23:17:43,343 - analyzer - ERROR - Error analyzing article 29: can't subtract offset-naive and offset-aware datetimes
2025-08-13 23:17:43,343 - analyzer - INFO - Analyzing article 30/119: Ola Electric teases new software for two-wheelers,...
2025-08-13 23:17:43,439 - analyzer - ERROR - Error analyzing article 30: can't subtract offset-naive and offset-aware datetimes
2025-08-13 23:17:43,439 - analyzer - INFO - Analyzing article 31/119: Don’t fret about Warren Buffett. Berkshire stock i...
2025-08-13 23:17:43,556 - analyzer - ERROR - Error analyzing article 31: can't subtract offset-naive and offset-aware datetimes
2025-08-13 23:17:43,557 - analyzer - INFO - Analyzing article 32/119: Stakeholder consultation by FSSAI charts roadmap f...
2025-08-13 23:17:43,651 - analyzer - ERROR - Error analyzing article 32: can't subtract offset-naive and offset-aware datetimes
2025-08-13 23:17:43,651 - analyzer - INFO - Analyzing article 33/119: Swiss Face Higher Fighter-Jet Cost as US Squeezes ...
2025-08-13 23:17:43,750 - analyzer - ERROR - Error analyzing article 33: can't subtract offset-naive and offset-aware datetimes
2025-08-13 23:17:43,750 - analyzer - INFO - Analyzing article 34/119: IBBI proposes cap on assignments for insolvency pr...
2025-08-13 23:17:43,848 - analyzer - ERROR - Error analyzing article 34: can't subtract offset-naive and offset-aware datetimes
2025-08-13 23:17:43,848 - analyzer - INFO - Analyzing article 35/119: ‘India can be auto manufacturing hub for world’, b...
2025-08-13 23:17:43,947 - analyzer - ERROR - Error analyzing article 35: can't subtract offset-naive and offset-aware datetimes
2025-08-13 23:17:43,947 - analyzer - INFO - Analyzing article 36/119: Eli Lilly launches Mounjaro pen in India as obesit...
2025-08-13 23:17:44,054 - analyzer - ERROR - Error analyzing article 36: can't subtract offset-naive and offset-aware datetimes
2025-08-13 23:17:44,054 - analyzer - INFO - Analyzing article 37/119: 20 Microns Share Price Today, 20 Microns Stock Pri...
2025-08-13 23:17:44,172 - analyzer - INFO - Analyzing article 38/119: 20 Microns Announcement, Latest News on 20 Microns...
2025-08-13 23:17:44,252 - analyzer - INFO - Analyzing article 39/119: 20 Microns Management Information...
2025-08-13 23:17:44,331 - analyzer - INFO - Analyzing article 40/119: 20 Microns Competitors List...
2025-08-13 23:17:44,411 - analyzer - INFO - Analyzing article 41/119: 20 Microns Ltd. Technical Chart NSE Stock Analysis...
2025-08-13 23:17:44,512 - analyzer - INFO - Analyzing article 42/119: Twentyfirst Cent Share Price Today, Twentyfirst Ce...
2025-08-13 23:17:44,594 - analyzer - INFO - Analyzing article 43/119: Twentyfirst Century Management Services Management...
2025-08-13 23:17:44,673 - analyzer - INFO - Analyzing article 44/119: Twentyfirst Century Management Services Announceme...
2025-08-13 23:17:44,752 - analyzer - INFO - Analyzing article 45/119: Twentyfirst Century Management Services Quarterly ...
2025-08-13 23:17:44,832 - analyzer - INFO - Analyzing article 46/119: Twentyfirst Century Management Services Competitor...
2025-08-13 23:17:44,911 - analyzer - INFO - Analyzing article 47/119: 360 One Wam Share Price Today, 360 One Wam Stock P...
2025-08-13 23:17:45,029 - analyzer - INFO - Analyzing article 48/119: 360 One WAM shares crack 6% as BC Asia Investments...
2025-08-13 23:17:45,114 - analyzer - INFO - Analyzing article 49/119: 360 One Wam News...
2025-08-13 23:17:45,193 - analyzer - INFO - Analyzing article 50/119: 360 One Wam Competitors List...
2025-08-13 23:17:45,273 - analyzer - INFO - Analyzing article 51/119: 360 ONE WAM Ltd Share Price Today, 1,033.50, 360 O...
2025-08-13 23:17:45,364 - analyzer - INFO - Analyzing article 52/119: 3i Infotech Share Price Today, 3i Infotech Stock P...
2025-08-13 23:17:45,476 - analyzer - INFO - Analyzing article 53/119: 3i Infotech News...
2025-08-13 23:17:45,557 - analyzer - INFO - Analyzing article 54/119: 3i Infotech Management Information...
2025-08-13 23:17:45,637 - analyzer - INFO - Analyzing article 55/119: 3i Infotech IPO Review...
2025-08-13 23:17:45,716 - analyzer - INFO - Analyzing article 56/119: 3IINFOTECH Stock Report - 3IINFOTECH Stock Insight...
2025-08-13 23:17:45,795 - analyzer - INFO - Analyzing article 57/119: 3M India Share Price Today, 3M India Stock Price L...
2025-08-13 23:17:45,910 - analyzer - INFO - Analyzing article 58/119: 3M India Management Information...
2025-08-13 23:17:45,988 - analyzer - INFO - Analyzing article 59/119: 3M India Competitors List...
2025-08-13 23:17:46,068 - analyzer - INFO - Analyzing article 60/119: 3M India Announcement, Latest News on 3M India...
2025-08-13 23:17:46,149 - analyzer - INFO - Analyzing article 61/119: 3M India Profit and Loss Reports...
2025-08-13 23:17:46,228 - analyzer - INFO - Analyzing article 62/119: 3P Land Holdings Share Price Today, 3P Land Holdin...
2025-08-13 23:17:46,340 - analyzer - INFO - Analyzing article 63/119: 3P Land Holdings Competitors List...
2025-08-13 23:17:46,419 - analyzer - INFO - Analyzing article 64/119: 3P Land Holdings News...
2025-08-13 23:17:46,499 - analyzer - INFO - Analyzing article 65/119: Nirlon Competitors List...
2025-08-13 23:17:46,578 - analyzer - INFO - Analyzing article 66/119: 3P Land Holdings Ltd Share Price Today, 49.57, 3P ...
2025-08-13 23:17:46,670 - analyzer - INFO - Analyzing article 67/119: 5Paisa Capital Share Price Today, 5Paisa Capital S...
2025-08-13 23:17:46,785 - analyzer - INFO - Analyzing article 68/119: 5Paisa Capital News...
2025-08-13 23:17:46,864 - analyzer - INFO - Analyzing article 69/119: 5Paisa Capital Management Information...
2025-08-13 23:17:46,945 - analyzer - INFO - Analyzing article 70/119: 5Paisa Capital Competitors List...
2025-08-13 23:17:47,025 - analyzer - INFO - Analyzing article 71/119: 63 Moons Tech Share Price Today, 63 Moons Tech Sto...
2025-08-13 23:17:47,141 - analyzer - INFO - Analyzing article 72/119: 63 Moons Technologies Announcement, Latest News on...
2025-08-13 23:17:47,223 - analyzer - INFO - Analyzing article 73/119: 63 Moons Technologies Management Information...
2025-08-13 23:17:47,304 - analyzer - INFO - Analyzing article 74/119: 63 Moons Technologies Profit and Loss Reports...
2025-08-13 23:17:47,384 - analyzer - INFO - Analyzing article 75/119: A2Z Infra Engg Share Price Today, A2Z Infra Engg S...
2025-08-13 23:17:47,500 - analyzer - INFO - Analyzing article 76/119: A2Z Infra Engineering Announcement, Latest News on...
2025-08-13 23:17:47,582 - analyzer - INFO - Analyzing article 77/119: A2Z Infra Engineering Management Information...
2025-08-13 23:17:47,661 - analyzer - INFO - Analyzing article 78/119: A2Z Infra Engineering Quarterly Results, Financial...
2025-08-13 23:17:47,742 - analyzer - INFO - Analyzing article 79/119: A2Z Infra Engineering Ltd Share Price Today, 19.79...
2025-08-13 23:17:47,835 - analyzer - INFO - Analyzing article 80/119: AAA Technologies Share Price Today, AAA Technologi...
2025-08-13 23:17:47,921 - analyzer - INFO - Analyzing article 81/119: AAA Technologies News...
2025-08-13 23:17:48,001 - analyzer - INFO - Analyzing article 82/119: AAA Technologies Management Information...
2025-08-13 23:17:48,082 - analyzer - INFO - Analyzing article 83/119: AAA Technologies Private Limited Information...
2025-08-13 23:17:48,173 - analyzer - INFO - Analyzing article 84/119: AAA Technologies Target Share Price, AAA Technolog...
2025-08-13 23:17:48,252 - analyzer - INFO - Analyzing article 85/119: Aadhar Housing Fin Share Price Today, Aadhar Housi...
2025-08-13 23:17:48,370 - analyzer - INFO - Analyzing article 86/119: Jio Financial Services, Aadhar Housing Finance amo...
2025-08-13 23:17:48,450 - analyzer - INFO - Analyzing article 87/119: ADQ-Sheikh Tahnoon vehicle eyes $200 mn stake in A...
2025-08-13 23:17:48,530 - analyzer - INFO - Analyzing article 88/119: Aadhar Housing Finance Announcement, Latest News o...
2025-08-13 23:17:48,610 - analyzer - INFO - Analyzing article 89/119: Aadhar Housing Finance share surge over 7% on stak...
2025-08-13 23:17:48,688 - analyzer - INFO - Analyzing article 90/119: Aakash Exploration Share Price Today, Aakash Explo...
2025-08-13 23:17:48,804 - analyzer - INFO - Analyzing article 91/119: Aakash Exploration Services Management Information...
2025-08-13 23:17:48,883 - analyzer - INFO - Analyzing article 92/119: Aakash Exploration Services Yearly Results, Financ...
2025-08-13 23:17:48,979 - analyzer - INFO - Analyzing article 93/119: Aakash Exploration Services IPO Dates, Issue Price...
2025-08-13 23:17:49,071 - analyzer - INFO - Analyzing article 94/119: Aakash Exploration Services Target Share Price, Aa...
2025-08-13 23:17:49,152 - analyzer - INFO - Analyzing article 95/119: Aarey Drugs Share Price Today, Aarey Drugs Stock P...
2025-08-13 23:17:49,267 - analyzer - INFO - Analyzing article 96/119: Aarey Drugs & Pharmaceuticals Management Informati...
2025-08-13 23:17:49,346 - analyzer - INFO - Analyzing article 97/119: Aarey Drugs & Pharmaceuticals Announcement, Latest...
2025-08-13 23:17:49,425 - analyzer - INFO - Analyzing article 98/119: Aarey Drugs & Pharmaceuticals Ltd. Technical Chart...
2025-08-13 23:17:49,527 - analyzer - INFO - Analyzing article 99/119: Aaron Industries Share Price Today, Aaron Industri...
2025-08-13 23:17:49,646 - analyzer - INFO - Analyzing article 100/119: Aaron Industries Competitors List...
2025-08-13 23:17:49,725 - analyzer - INFO - Analyzing article 101/119: Aaron Industries Yearly Results, Financial summary...
2025-08-13 23:17:49,806 - analyzer - INFO - Analyzing article 102/119: Aaron Industries News...
2025-08-13 23:17:49,883 - analyzer - INFO - Analyzing article 103/119: Aartech Solonics Share Price Today, Aartech Soloni...
2025-08-13 23:17:49,999 - analyzer - INFO - Analyzing article 104/119: Aartech Solonics News...
2025-08-13 23:17:50,081 - analyzer - INFO - Analyzing article 105/119: Aartech Solonics Management Information...
2025-08-13 23:17:50,162 - analyzer - INFO - Analyzing article 106/119: Aartech Solonics bags order to supply current limi...
2025-08-13 23:17:50,242 - analyzer - INFO - Analyzing article 107/119: Buy Aartech Solonics, target price Rs 110: ProfitM...
2025-08-13 23:17:50,325 - analyzer - INFO - Analyzing article 108/119: Aarti Drugs Management Information...
2025-08-13 23:17:50,405 - analyzer - INFO - Analyzing article 109/119: Aarti Drugs News...
2025-08-13 23:17:50,485 - analyzer - INFO - Analyzing article 110/119: Aarti Drugs Competitors List...
2025-08-13 23:17:50,565 - analyzer - INFO - Analyzing article 111/119: Aarti Drugs Ltd Share Price Today, 489.60, Aarti D...
2025-08-13 23:17:50,657 - analyzer - INFO - Analyzing article 112/119: Aarti Inds Share Price Today, Aarti Inds Stock Pri...
2025-08-13 23:17:50,777 - analyzer - INFO - Analyzing article 113/119: Aarti Industries News...
2025-08-13 23:17:50,856 - analyzer - INFO - Analyzing article 114/119: Aarti Industries Management Information...
2025-08-13 23:17:50,936 - analyzer - INFO - Analyzing article 115/119: Aarti Industries Competitors List...
2025-08-13 23:17:51,018 - analyzer - INFO - Analyzing article 116/119: Aarti Industries shares see 20% surge amid strateg...
2025-08-13 23:17:51,102 - analyzer - INFO - Analyzing article 117/119: Aarti Pharmalabs Management Information...
2025-08-13 23:17:51,182 - analyzer - INFO - Analyzing article 118/119: Aarti Pharmalabs News...
2025-08-13 23:17:51,261 - analyzer - INFO - Analyzing article 119/119: Aarti Pharmalabs Competitors List...
2025-08-13 23:17:51,341 - __main__ - INFO - Analyzed 119 articles
2025-08-13 23:17:51,342 - __main__ - INFO - Step 7: Filtering relevant articles...
2025-08-13 23:17:51,342 - __main__ - INFO - Found 95 relevant articles
2025-08-13 23:17:51,342 - __main__ - INFO - Step 8: Generating summary insights...
2025-08-13 23:17:51,342 - __main__ - INFO - Full analysis completed in 719.78 seconds
2025-08-13 23:17:51,378 - __main__ - INFO - Results saved to /home/shams/Desktop/ShareMIP/output/nse_news_analysis_20250813_231751.json
2025-08-13 23:24:54,212 - __main__ - INFO - Initializing NSE News Analysis System...
2025-08-13 23:24:54,230 - utils - INFO - Loaded 2139 NSE companies
2025-08-13 23:24:54,230 - __main__ - INFO - Loaded 2139 NSE companies
2025-08-13 23:24:54,363 - __main__ - INFO - System initialization completed successfully
2025-08-13 23:24:54,363 - __main__ - INFO - Starting interactive dashboard...
2025-08-13 23:24:54,363 - __main__ - INFO - Starting interactive dashboard...
2025-08-13 23:24:54,363 - dashboard - INFO - Starting dashboard on 127.0.0.1:8050
2025-08-13 23:25:14,230 - __main__ - INFO - Initializing NSE News Analysis System...
2025-08-13 23:25:14,250 - utils - INFO - Loaded 2139 NSE companies
2025-08-13 23:25:14,250 - __main__ - INFO - Loaded 2139 NSE companies
2025-08-13 23:25:14,372 - __main__ - INFO - System initialization completed successfully
2025-08-13 23:25:14,372 - __main__ - INFO - Starting interactive dashboard...
2025-08-13 23:25:14,372 - __main__ - INFO - Starting interactive dashboard...
2025-08-13 23:25:14,372 - dashboard - INFO - Starting dashboard on 127.0.0.1:8050
2025-08-13 23:25:47,494 - __main__ - INFO - Initializing NSE News Analysis System...
2025-08-13 23:25:47,514 - utils - INFO - Loaded 2139 NSE companies
2025-08-13 23:25:47,514 - __main__ - INFO - Loaded 2139 NSE companies
2025-08-13 23:25:47,643 - __main__ - INFO - System initialization completed successfully
2025-08-13 23:25:47,643 - __main__ - INFO - Starting interactive dashboard...
2025-08-13 23:25:47,643 - __main__ - INFO - Starting interactive dashboard...
2025-08-13 23:25:47,643 - dashboard - INFO - Starting dashboard on 127.0.0.1:8050
2025-08-13 23:25:47,644 - dash.dash - INFO - Dash is running on http://127.0.0.1:8050/

2025-08-13 23:25:48,298 - __main__ - INFO - Initializing NSE News Analysis System...
2025-08-13 23:25:48,313 - utils - INFO - Loaded 2139 NSE companies
2025-08-13 23:25:48,314 - __main__ - INFO - Loaded 2139 NSE companies
2025-08-13 23:25:48,440 - __main__ - INFO - System initialization completed successfully
2025-08-13 23:25:48,440 - __main__ - INFO - Starting interactive dashboard...
2025-08-13 23:25:48,440 - __main__ - INFO - Starting interactive dashboard...
2025-08-13 23:25:48,440 - dashboard - INFO - Starting dashboard on 127.0.0.1:8050
2025-08-13 23:26:20,211 - dashboard - INFO - Loaded analysis data with 119 articles
2025-08-13 23:27:47,528 - dashboard - INFO - Loaded analysis data with 119 articles
